04:08:56.837 [main] INFO  testCases.TC_RF_002_AccountRegistrationWithNoData_Neg - Last Name warn message displayed - Test Passed..
04:08:56.854 [main] INFO  testCases.TC_RF_002_AccountRegistrationWithNoData_Neg - Validating expected Email warning message..
04:08:56.854 [main] INFO  testCases.TC_RF_002_AccountRegistrationWithNoData_Neg - Email warn message displayed - Test Passed..
04:08:56.871 [main] INFO  testCases.TC_RF_002_AccountRegistrationWithNoData_Neg - Validating expected Password warning message..
04:08:56.872 [main] INFO  testCases.TC_RF_002_AccountRegistrationWithNoData_Neg - Password warn message displayed - Test Passed..
04:08:56.887 [main] INFO  testCases.TC_RF_002_AccountRegistrationWithNoData_Neg - Validating expected Confim Password warning message..
04:08:56.887 [main] INFO  testCases.TC_RF_002_AccountRegistrationWithNoData_Neg - Confirm Password warn message displayed - Test Passed..
04:09:00.595 [main] INFO  testCases.TC_LF_002_003_004_LoginDDT - ******Starting TC_LF_002_003_004_LoginDDT******
04:09:00.982 [main] INFO  testCases.TC_LF_002_003_004_LoginDDT - Clicked on Login link
04:09:00.982 [main] INFO  testCases.TC_LF_002_003_004_LoginDDT - Entering valid email id..
04:09:01.072 [main] INFO  testCases.TC_LF_002_003_004_LoginDDT - Entering valid password..
04:09:01.135 [main] INFO  testCases.TC_LF_002_003_004_LoginDDT - Clicked on Login button..
04:09:02.434 [main] INFO  testCases.TC_LF_002_003_004_LoginDDT - Test Passed..
04:09:02.435 [main] INFO  testCases.TC_LF_002_003_004_LoginDDT - ******Finished TC_LF_002_003_004_LoginDDT******
04:09:02.437 [main] INFO  testCases.TC_LF_002_003_004_LoginDDT - ******Starting TC_LF_002_003_004_LoginDDT******
04:09:02.835 [main] INFO  testCases.TC_LF_002_003_004_LoginDDT - Clicked on Login link
04:09:02.835 [main] INFO  testCases.TC_LF_002_003_004_LoginDDT - Entering valid email id..
04:09:02.906 [main] INFO  testCases.TC_LF_002_003_004_LoginDDT - Entering valid password..
04:09:02.959 [main] INFO  testCases.TC_LF_002_003_004_LoginDDT - Clicked on Login button..
04:09:13.365 [main] INFO  testCases.TC_LF_002_003_004_LoginDDT - Test Passed..
04:09:13.365 [main] INFO  testCases.TC_LF_002_003_004_LoginDDT - ******Finished TC_LF_002_003_004_LoginDDT******
04:09:13.365 [main] INFO  testCases.TC_LF_002_003_004_LoginDDT - ******Starting TC_LF_002_003_004_LoginDDT******
04:09:13.747 [main] INFO  testCases.TC_LF_002_003_004_LoginDDT - Clicked on Login link
04:09:13.748 [main] INFO  testCases.TC_LF_002_003_004_LoginDDT - Entering valid email id..
04:09:13.816 [main] INFO  testCases.TC_LF_002_003_004_LoginDDT - Entering valid password..
04:09:13.871 [main] INFO  testCases.TC_LF_002_003_004_LoginDDT - Clicked on Login button..
04:09:24.300 [main] INFO  testCases.TC_LF_002_003_004_LoginDDT - Test Passed..
04:09:24.300 [main] INFO  testCases.TC_LF_002_003_004_LoginDDT - ******Finished TC_LF_002_003_004_LoginDDT******
04:09:24.303 [main] INFO  testCases.TC_LF_002_003_004_LoginDDT - ******Starting TC_LF_002_003_004_LoginDDT******
04:09:24.909 [main] INFO  testCases.TC_LF_002_003_004_LoginDDT - Clicked on Login link
04:09:24.911 [main] INFO  testCases.TC_LF_002_003_004_LoginDDT - Entering valid email id..
04:09:24.984 [main] INFO  testCases.TC_LF_002_003_004_LoginDDT - Entering valid password..
04:09:25.042 [main] INFO  testCases.TC_LF_002_003_004_LoginDDT - Clicked on Login button..
04:09:35.466 [main] INFO  testCases.TC_LF_002_003_004_LoginDDT - Test Passed..
04:09:35.466 [main] INFO  testCases.TC_LF_002_003_004_LoginDDT - ******Finished TC_LF_002_003_004_LoginDDT******
04:09:35.466 [main] INFO  testCases.TC_LF_002_003_004_LoginDDT - ******Starting TC_LF_002_003_004_LoginDDT******
04:09:35.920 [main] INFO  testCases.TC_LF_002_003_004_LoginDDT - Clicked on Login link
04:09:35.920 [main] INFO  testCases.TC_LF_002_003_004_LoginDDT - Entering valid email id..
04:09:35.996 [main] INFO  testCases.TC_LF_002_003_004_LoginDDT - Entering valid password..
04:09:36.062 [main] INFO  testCases.TC_LF_002_003_004_LoginDDT - Clicked on Login button..
04:09:38.389 [main] INFO  testCases.TC_LF_002_003_004_LoginDDT - Test Passed..
04:09:38.389 [main] INFO  testCases.TC_LF_002_003_004_LoginDDT - ******Finished TC_LF_002_003_004_LoginDDT******
